<?xml version="1.0" encoding="UTF-8"?>
<!-- Generated by org.testng.reporters.JUnitReportReporter -->
<testsuite hostname="athikeshan" failures="0" tests="5" name="pim.module.PimTest" time="75.817" errors="0" timestamp="2026-03-26T10:02:28 IST" skipped="0">
  <testcase classname="pim.module.PimTest" name="addEmployeespim" time="12.821"/>
  <testcase classname="pim.module.PimTest" name="addEmployeespim" time="15.940"/>
  <testcase classname="pim.module.PimTest" name="addEmployeespim" time="12.238"/>
  <testcase classname="pim.module.PimTest" name="addEmployeespim" time="22.696"/>
  <testcase classname="pim.module.PimTest" name="addEmployeespim" time="12.122"/>
</testsuite> <!-- pim.module.PimTest -->
