<?xml version="1.0" encoding="UTF-8"?>
<!-- Generated by org.testng.reporters.JUnitXMLReporter -->
<testsuite ignored="0" hostname="ATHIKESHAN" failures="4" tests="9" name="FirstDemoTest" time="10.901" errors="0" timestamp="2026-03-12T13:27:48 IST">
  <testcase classname="Assertion.DemoSoftAssert" name="demoTest" time="0.023">
    <failure type="java.lang.AssertionError" message="The following asserts failed:
	expected [PECC] but found [PEC]">
      <![CDATA[java.lang.AssertionError: The following asserts failed:
expected [PECC] but found [PEC]
at Assertion.DemoSoftAssert.demoTest(DemoSoftAssert.java:21)
at java.base/java.util.ArrayList.forEach(ArrayList.java:1596)
... Removed 27 stack frames]]>
    </failure>
  </testcase> <!-- demoTest -->
  <testcase classname="Assertion.DemoSoftAssert" name="test2" time="0.002"/>
  <testcase classname="Assertion.task_assert" name="launchbrowser" time="1.66"/>
  <testcase classname="Assertion.task_assert" name="login" time="4.858"/>
  <testcase classname="Assertion.task_assert" name="validateHard" time="1.639"/>
  <testcase classname="Assertion.task_assert" name="validateHardfailed" time="0.029">
    <failure type="java.lang.AssertionError" message="expected [https://opensource-demo.orangehrmlive.com/web/index.php/dashboard/index] but found [https://opensource-demo.orangehrmlive.com/web/index.php/dashboard/login]">
      <![CDATA[java.lang.AssertionError: expected [https://opensource-demo.orangehrmlive.com/web/index.php/dashboard/index] but found [https://opensource-demo.orangehrmlive.com/web/index.php/dashboard/login]
at Assertion.task_assert.validateHardfailed(task_assert.java:74)
at java.base/java.util.ArrayList.forEach(ArrayList.java:1596)
... Removed 31 stack frames]]>
    </failure>
  </testcase> <!-- validateHardfailed -->
  <testcase classname="Assertion.task_assert" name="validateSoft" time="0.02"/>
  <testcase classname="Assertion.task_assert" name="validateSoftfailed" time="0.014">
    <failure type="java.lang.AssertionError" message="The following asserts failed:
	expected [https://opensource-demo.orangehrmlive.com/web/index.php/dashboard/index] but found [https://opensource-demo.orangehrmlive.com/web/index.php/dashboard/login]">
      <![CDATA[java.lang.AssertionError: The following asserts failed:
expected [https://opensource-demo.orangehrmlive.com/web/index.php/dashboard/index] but found [https://opensource-demo.orangehrmlive.com/web/index.php/dashboard/login]
at Assertion.task_assert.validateSoftfailed(task_assert.java:67)
at java.base/java.util.ArrayList.forEach(ArrayList.java:1596)
... Removed 27 stack frames]]>
    </failure>
  </testcase> <!-- validateSoftfailed -->
  <testcase classname="Assertion.DemoAssert" name="testMethod" time="2.53">
    <failure type="java.lang.AssertionError" message="expected [false] but found [true]">
      <![CDATA[java.lang.AssertionError: expected [false] but found [true]
at Assertion.DemoAssert.testMethod(DemoAssert.java:35)
at java.base/java.util.ArrayList.forEach(ArrayList.java:1596)
... Removed 32 stack frames]]>
    </failure>
  </testcase> <!-- testMethod -->
</testsuite> <!-- FirstDemoTest -->
