<?xml version="1.0" encoding="UTF-8"?>
<!-- Generated by org.testng.reporters.JUnitXMLReporter -->
<testsuite ignored="0" hostname="ATHIKESHAN" failures="2" tests="9" name="edge" time="42.638" errors="0" timestamp="2026-03-13T11:46:56 IST">
  <testcase classname="pim.module.TerminationReason" name="launchbrowser" time="3.09"/>
  <testcase classname="pim.module.AddCandidate" name="launchbrowser" time="0.005">
    <failure type="java.lang.NullPointerException" message="Cannot invoke &amp;quot;org.openqa.selenium.WebDriver.manage()&amp;quot; because &amp;quot;this.driver&amp;quot; is null">
      <![CDATA[java.lang.NullPointerException: Cannot invoke "org.openqa.selenium.WebDriver.manage()" because "this.driver" is null
at pim.module.AddCandidate.launchbrowser(AddCandidate.java:45)
at java.base/java.util.ArrayList.forEach(ArrayList.java:1596)
at java.base/java.util.concurrent.FutureTask.run(FutureTask.java:317)
at java.base/java.util.concurrent.ThreadPoolExecutor.runWorker(ThreadPoolExecutor.java:1144)
at java.base/java.util.concurrent.ThreadPoolExecutor$Worker.run(ThreadPoolExecutor.java:642)
at java.base/java.lang.Thread.run(Thread.java:1583)
... Removed 15 stack frames]]>
    </failure>
  </testcase> <!-- launchbrowser -->
  <testcase classname="pim.module.TerminationReason" name="login" time="8.813"/>
  <testcase classname="pim.module.AddCandidate" name="login" time="0.0">
    <skipped/>
  </testcase> <!-- login -->
  <testcase classname="pim.module.AddCandidate" name="pimemployeeadding" time="0.001">
    <skipped/>
  </testcase> <!-- pimemployeeadding -->
  <testcase classname="pim.module.TerminationReason" name="pimemployeereason" time="26.649">
    <failure type="org.openqa.selenium.ElementNotInteractableException" message="element not interactable
  (Session info: MicrosoftEdge=145.0.3800.97)
Build info: version: &amp;apos;4.38.0&amp;apos;, revision: &amp;apos;6b412e825c*&amp;apos;
System info: os.name: &amp;apos;Windows 11&amp;apos;, os.arch: &amp;apos;amd64&amp;apos;, os.version: &amp;apos;10.0&amp;apos;, java.version: &amp;apos;21.0.9&amp;apos;
Driver info: org.openqa.selenium.edge.EdgeDriver
Command: [aba73b229f4c3c9bdd7c53826f119330, clickElement {id=f.4D345544D6CFC79777F18B2E0EB83A72.d.CD843164C552993E1F1B1E4F3920C655.e.40}]
Capabilities {acceptInsecureCerts: false, browserName: MicrosoftEdge, browserVersion: 145.0.3800.97, fedcm:accounts: true, goog:processID: 5100, ms:edgeOptions: {debuggerAddress: localhost:56136}, msedge: {msedgedriverVersion: 145.0.3800.97 (f4c49d5241f1..., userDataDir: C:\Users\venka\AppData\Loca...}, networkConnectionEnabled: false, pageLoadStrategy: normal, platformName: windows, proxy: Proxy(), se:cdp: ws://localhost:56136/devtoo..., se:cdpVersion: 145.0.3800.97, setWindowRect: true, strictFileInteractability: false, timeouts: {implicit: 0, pageLoad: 300000, script: 30000}, unhandledPromptBehavior: dismiss and notify, webauthn:extension:credBlob: true, webauthn:extension:largeBlob: true, webauthn:extension:minPinLength: true, webauthn:extension:prf: true, webauthn:virtualAuthenticators: true}
Element: [[EdgeDriver: MicrosoftEdge on windows (aba73b229f4c3c9bdd7c53826f119330)] -&amp;gt; xpath: //span[.=&amp;apos;PIM&amp;apos;]/..//*[name()=&amp;apos;svg&amp;apos;]]
Session ID: aba73b229f4c3c9bdd7c53826f119330">
      <![CDATA[org.openqa.selenium.ElementNotInteractableException: element not interactable
  (Session info: MicrosoftEdge=145.0.3800.97)
Build info: version: '4.38.0', revision: '6b412e825c*'
System info: os.name: 'Windows 11', os.arch: 'amd64', os.version: '10.0', java.version: '21.0.9'
Driver info: org.openqa.selenium.edge.EdgeDriver
Command: [aba73b229f4c3c9bdd7c53826f119330, clickElement {id=f.4D345544D6CFC79777F18B2E0EB83A72.d.CD843164C552993E1F1B1E4F3920C655.e.40}]
Capabilities {acceptInsecureCerts: false, browserName: MicrosoftEdge, browserVersion: 145.0.3800.97, fedcm:accounts: true, goog:processID: 5100, ms:edgeOptions: {debuggerAddress: localhost:56136}, msedge: {msedgedriverVersion: 145.0.3800.97 (f4c49d5241f1..., userDataDir: C:\Users\venka\AppData\Loca...}, networkConnectionEnabled: false, pageLoadStrategy: normal, platformName: windows, proxy: Proxy(), se:cdp: ws://localhost:56136/devtoo..., se:cdpVersion: 145.0.3800.97, setWindowRect: true, strictFileInteractability: false, timeouts: {implicit: 0, pageLoad: 300000, script: 30000}, unhandledPromptBehavior: dismiss and notify, webauthn:extension:credBlob: true, webauthn:extension:largeBlob: true, webauthn:extension:minPinLength: true, webauthn:extension:prf: true, webauthn:virtualAuthenticators: true}
Element: [[EdgeDriver: MicrosoftEdge on windows (aba73b229f4c3c9bdd7c53826f119330)] -> xpath: //span[.='PIM']/..//*[name()='svg']]
Session ID: aba73b229f4c3c9bdd7c53826f119330
at org.openqa.selenium.remote.ErrorCodec.decode(ErrorCodec.java:167)
at org.openqa.selenium.remote.codec.w3c.W3CHttpResponseCodec.decode(W3CHttpResponseCodec.java:138)
at org.openqa.selenium.remote.codec.w3c.W3CHttpResponseCodec.decode(W3CHttpResponseCodec.java:50)
at org.openqa.selenium.remote.HttpCommandExecutor.execute(HttpCommandExecutor.java:215)
at org.openqa.selenium.remote.service.DriverCommandExecutor.invokeExecute(DriverCommandExecutor.java:216)
at org.openqa.selenium.remote.service.DriverCommandExecutor.execute(DriverCommandExecutor.java:174)
at org.openqa.selenium.remote.RemoteWebDriver.execute(RemoteWebDriver.java:557)
at org.openqa.selenium.remote.RemoteWebElement.execute(RemoteWebElement.java:223)
at org.openqa.selenium.remote.RemoteWebElement.click(RemoteWebElement.java:76)
at pim.module.TerminationReason.pimemployeereason(TerminationReason.java:59)
at java.base/java.util.ArrayList.forEach(ArrayList.java:1596)
at java.base/java.util.concurrent.FutureTask.run(FutureTask.java:317)
at java.base/java.util.concurrent.ThreadPoolExecutor.runWorker(ThreadPoolExecutor.java:1144)
at java.base/java.util.concurrent.ThreadPoolExecutor$Worker.run(ThreadPoolExecutor.java:642)
at java.base/java.lang.Thread.run(Thread.java:1583)
... Removed 18 stack frames]]>
    </failure>
  </testcase> <!-- pimemployeereason -->
  <testcase classname="pim.module.AddCandidate" name="adminmodule" time="0.0">
    <skipped/>
  </testcase> <!-- adminmodule -->
  <testcase classname="pim.module.TerminationReason" name="logout" time="3.93"/>
  <testcase classname="pim.module.AddCandidate" name="logout" time="0.0">
    <skipped/>
  </testcase> <!-- logout -->
</testsuite> <!-- edge -->
