<?xml version="1.0" encoding="UTF-8"?>
<!-- Generated by org.testng.reporters.JUnitXMLReporter -->
<testsuite ignored="0" hostname="ATHIKESHAN" failures="2" tests="9" name="firefox" time="95.547" errors="0" timestamp="2026-03-13T11:47:49 IST">
  <testcase classname="pim.module.TerminationReason" name="launchbrowser" time="10.444"/>
  <testcase classname="pim.module.AddCandidate" name="launchbrowser" time="5.814"/>
  <testcase classname="pim.module.TerminationReason" name="login" time="19.851"/>
  <testcase classname="pim.module.AddCandidate" name="login" time="12.514"/>
  <testcase classname="pim.module.AddCandidate" name="pimemployeeadding" time="7.281">
    <failure type="org.openqa.selenium.ElementClickInterceptedException" message="Element &amp;lt;span class=&amp;quot;oxd-switch-input oxd-switch-input--active --label-right&amp;quot;&amp;gt; is not clickable at point (742,429) because another element &amp;lt;div class=&amp;quot;oxd-form-loader&amp;quot;&amp;gt; obscures it
Build info: version: &amp;apos;4.38.0&amp;apos;, revision: &amp;apos;6b412e825c*&amp;apos;
System info: os.name: &amp;apos;Windows 11&amp;apos;, os.arch: &amp;apos;amd64&amp;apos;, os.version: &amp;apos;10.0&amp;apos;, java.version: &amp;apos;21.0.9&amp;apos;
Driver info: org.openqa.selenium.firefox.FirefoxDriver
Command: [a50afd38-59ba-45a3-a40a-a6fb51f563b6, clickElement {id=d39b7852-ba91-41ca-abf4-51ce67cb3fc3}]
Capabilities {acceptInsecureCerts: true, browserName: firefox, browserVersion: 148.0.2, moz:accessibilityChecks: false, moz:buildID: 20260309125808, moz:geckodriverVersion: 0.36.0, moz:headless: true, moz:platformVersion: 10.0, moz:processID: 23980, moz:profile: C:\Users\venka\AppData\Loca..., moz:shutdownTimeout: 60000, moz:webdriverClick: true, moz:windowless: false, pageLoadStrategy: normal, platformName: windows, proxy: Proxy(), setWindowRect: true, strictFileInteractability: false, timeouts: {implicit: 0, pageLoad: 300000, script: 30000}, unhandledPromptBehavior: dismiss and notify, userAgent: Mozilla/5.0 (Windows NT 10....}
Element: [[FirefoxDriver: firefox on windows (a50afd38-59ba-45a3-a40a-a6fb51f563b6)] -&amp;gt; css selector: [class=&amp;apos;oxd-switch-input oxd-switch-input--active --label-right&amp;apos;]]
Session ID: a50afd38-59ba-45a3-a40a-a6fb51f563b6">
      <![CDATA[org.openqa.selenium.ElementClickInterceptedException: Element <span class="oxd-switch-input oxd-switch-input--active --label-right"> is not clickable at point (742,429) because another element <div class="oxd-form-loader"> obscures it
Build info: version: '4.38.0', revision: '6b412e825c*'
System info: os.name: 'Windows 11', os.arch: 'amd64', os.version: '10.0', java.version: '21.0.9'
Driver info: org.openqa.selenium.firefox.FirefoxDriver
Command: [a50afd38-59ba-45a3-a40a-a6fb51f563b6, clickElement {id=d39b7852-ba91-41ca-abf4-51ce67cb3fc3}]
Capabilities {acceptInsecureCerts: true, browserName: firefox, browserVersion: 148.0.2, moz:accessibilityChecks: false, moz:buildID: 20260309125808, moz:geckodriverVersion: 0.36.0, moz:headless: true, moz:platformVersion: 10.0, moz:processID: 23980, moz:profile: C:\Users\venka\AppData\Loca..., moz:shutdownTimeout: 60000, moz:webdriverClick: true, moz:windowless: false, pageLoadStrategy: normal, platformName: windows, proxy: Proxy(), setWindowRect: true, strictFileInteractability: false, timeouts: {implicit: 0, pageLoad: 300000, script: 30000}, unhandledPromptBehavior: dismiss and notify, userAgent: Mozilla/5.0 (Windows NT 10....}
Element: [[FirefoxDriver: firefox on windows (a50afd38-59ba-45a3-a40a-a6fb51f563b6)] -> css selector: [class='oxd-switch-input oxd-switch-input--active --label-right']]
Session ID: a50afd38-59ba-45a3-a40a-a6fb51f563b6
at org.openqa.selenium.remote.ErrorCodec.decode(ErrorCodec.java:167)
at org.openqa.selenium.remote.codec.w3c.W3CHttpResponseCodec.decode(W3CHttpResponseCodec.java:138)
at org.openqa.selenium.remote.codec.w3c.W3CHttpResponseCodec.decode(W3CHttpResponseCodec.java:50)
at org.openqa.selenium.remote.HttpCommandExecutor.execute(HttpCommandExecutor.java:215)
at org.openqa.selenium.remote.service.DriverCommandExecutor.invokeExecute(DriverCommandExecutor.java:216)
at org.openqa.selenium.remote.service.DriverCommandExecutor.execute(DriverCommandExecutor.java:174)
at org.openqa.selenium.remote.RemoteWebDriver.execute(RemoteWebDriver.java:557)
at org.openqa.selenium.remote.RemoteWebElement.execute(RemoteWebElement.java:223)
at org.openqa.selenium.remote.RemoteWebElement.click(RemoteWebElement.java:76)
at pim.module.AddCandidate.pimemployeeadding(AddCandidate.java:71)
at java.base/java.util.ArrayList.forEach(ArrayList.java:1596)
at java.base/java.util.concurrent.FutureTask.run(FutureTask.java:317)
at java.base/java.util.concurrent.ThreadPoolExecutor.runWorker(ThreadPoolExecutor.java:1144)
at java.base/java.util.concurrent.ThreadPoolExecutor$Worker.run(ThreadPoolExecutor.java:642)
at java.base/java.lang.Thread.run(Thread.java:1583)
... Removed 18 stack frames]]>
    </failure>
  </testcase> <!-- pimemployeeadding -->
  <testcase classname="pim.module.TerminationReason" name="pimemployeereason" time="35.14">
    <failure type="java.lang.AssertionError" message="The following asserts failed:
	No reason present expected [true] but found [false]">
      <![CDATA[java.lang.AssertionError: The following asserts failed:
No reason present expected [true] but found [false]
at pim.module.TerminationReason.pimemployeereason(TerminationReason.java:93)
at java.base/java.util.ArrayList.forEach(ArrayList.java:1596)
at java.base/java.util.concurrent.FutureTask.run(FutureTask.java:317)
at java.base/java.util.concurrent.ThreadPoolExecutor.runWorker(ThreadPoolExecutor.java:1144)
at java.base/java.util.concurrent.ThreadPoolExecutor$Worker.run(ThreadPoolExecutor.java:642)
at java.base/java.lang.Thread.run(Thread.java:1583)
... Removed 17 stack frames]]>
    </failure>
  </testcase> <!-- pimemployeereason -->
  <testcase classname="pim.module.AddCandidate" name="adminmodule" time="0.0">
    <skipped/>
  </testcase> <!-- adminmodule -->
  <testcase classname="pim.module.TerminationReason" name="logout" time="2.201"/>
  <testcase classname="pim.module.AddCandidate" name="logout" time="2.169"/>
</testsuite> <!-- firefox -->
