<?xml version="1.0" encoding="UTF-8"?>
<testng-results ignored="0" total="6" passed="5" failed="1" skipped="0">
  <reporter-output>
  </reporter-output>
  <suite started-at="2026-03-26T10:00:58 IST" name="Suite" finished-at="2026-03-26T10:02:27 IST" duration-ms="89000">
    <groups>
    </groups>
    <test started-at="2026-03-26T10:00:58 IST" name="smoke" finished-at="2026-03-26T10:02:27 IST" duration-ms="89000">
      <class name="pim.module.AddTerminationReasonsAndVerifyTest">
        <test-method is-config="true" signature="beforeClass(java.lang.String)[pri:0, instance:pim.module.AddTerminationReasonsAndVerifyTest@a37aefe]" started-at="2026-03-26T10:00:59 IST" name="beforeClass" finished-at="2026-03-26T10:01:14 IST" duration-ms="15460" status="PASS">
          <params>
            <param index="0">
              <value>
                <![CDATA[chrome]]>
              </value>
            </param>
          </params>
          <reporter-output>
          </reporter-output>
        </test-method> <!-- beforeClass -->
        <test-method signature="testMethod()[pri:0, instance:pim.module.AddTerminationReasonsAndVerifyTest@a37aefe]" started-at="2026-03-26T10:01:14 IST" name="testMethod" finished-at="2026-03-26T10:02:07 IST" duration-ms="53053" status="FAIL">
          <exception class="java.lang.AssertionError">
            <message>
              <![CDATA[The following asserts failed:
termination reason not added expected [true] but found [false]]]>
            </message>
            <full-stacktrace>
              <![CDATA[java.lang.AssertionError: The following asserts failed:
termination reason not added expected [true] but found [false]
at org.testng.asserts.SoftAssert.assertAll(SoftAssert.java:46)
at org.testng.asserts.SoftAssert.assertAll(SoftAssert.java:30)
at pim.module.AddTerminationReasonsAndVerifyTest.testMethod(AddTerminationReasonsAndVerifyTest.java:48)
at java.base/jdk.internal.reflect.DirectMethodHandleAccessor.invoke(DirectMethodHandleAccessor.java:103)
at java.base/java.lang.reflect.Method.invoke(Method.java:580)
at org.testng.internal.invokers.MethodInvocationHelper.invokeMethod(MethodInvocationHelper.java:141)
at org.testng.internal.invokers.TestInvoker.invokeMethod(TestInvoker.java:687)
at org.testng.internal.invokers.TestInvoker.invokeTestMethod(TestInvoker.java:230)
at org.testng.internal.invokers.MethodRunner.runInSequence(MethodRunner.java:63)
at org.testng.internal.invokers.TestInvoker$MethodInvocationAgent.invoke(TestInvoker.java:995)
at org.testng.internal.invokers.TestInvoker.invokeTestMethods(TestInvoker.java:203)
at org.testng.internal.invokers.TestMethodWorker.invokeTestMethods(TestMethodWorker.java:154)
at org.testng.internal.invokers.TestMethodWorker.run(TestMethodWorker.java:134)
at java.base/java.util.concurrent.Executors$RunnableAdapter.call(Executors.java:572)
at java.base/java.util.concurrent.FutureTask.run(FutureTask.java:317)
at org.testng.internal.thread.graph.TestNGFutureTask.run(TestNGFutureTask.java:22)
at java.base/java.util.concurrent.ThreadPoolExecutor.runWorker(ThreadPoolExecutor.java:1144)
at java.base/java.util.concurrent.ThreadPoolExecutor$Worker.run(ThreadPoolExecutor.java:642)
at java.base/java.lang.Thread.run(Thread.java:1575)
]]>
            </full-stacktrace>
          </exception> <!-- java.lang.AssertionError -->
          <reporter-output>
          </reporter-output>
        </test-method> <!-- testMethod -->
        <test-method is-config="true" signature="afterClass()[pri:0, instance:pim.module.AddTerminationReasonsAndVerifyTest@a37aefe]" started-at="2026-03-26T10:02:07 IST" name="afterClass" finished-at="2026-03-26T10:02:09 IST" duration-ms="2249" status="PASS">
          <reporter-output>
          </reporter-output>
        </test-method> <!-- afterClass -->
      </class> <!-- pim.module.AddTerminationReasonsAndVerifyTest -->
      <class name="pim.module.PimTest">
        <test-method is-config="true" signature="beforeClass(java.lang.String)[pri:0, instance:pim.module.PimTest@2fba3fc4]" started-at="2026-03-26T10:00:59 IST" name="beforeClass" finished-at="2026-03-26T10:01:08 IST" duration-ms="9895" status="PASS">
          <params>
            <param index="0">
              <value>
                <![CDATA[chrome]]>
              </value>
            </param>
          </params>
          <reporter-output>
          </reporter-output>
        </test-method> <!-- beforeClass -->
        <test-method signature="addEmployeespim(java.lang.String,java.lang.String,java.lang.String,java.lang.String,java.lang.String,java.lang.String,java.lang.String)[pri:0, instance:pim.module.PimTest@2fba3fc4]" started-at="2026-03-26T10:01:10 IST" name="addEmployeespim" data-provider="createEmployee" finished-at="2026-03-26T10:01:32 IST" duration-ms="22696" status="PASS">
          <params>
            <param index="0">
              <value>
                <![CDATA[Rahul]]>
              </value>
            </param>
            <param index="1">
              <value>
                <![CDATA[Kumar]]>
              </value>
            </param>
            <param index="2">
              <value>
                <![CDATA[Sharma]]>
              </value>
            </param>
            <param index="3">
              <value>
                <![CDATA[EMP001]]>
              </value>
            </param>
            <param index="4">
              <value>
                <![CDATA[rahul.s]]>
              </value>
            </param>
            <param index="5">
              <value>
                <![CDATA[Rahul@123]]>
              </value>
            </param>
            <param index="6">
              <value>
                <![CDATA[Rahul@123]]>
              </value>
            </param>
          </params>
          <reporter-output>
          </reporter-output>
        </test-method> <!-- addEmployeespim -->
        <test-method signature="addEmployeespim(java.lang.String,java.lang.String,java.lang.String,java.lang.String,java.lang.String,java.lang.String,java.lang.String)[pri:0, instance:pim.module.PimTest@2fba3fc4]" started-at="2026-03-26T10:01:33 IST" name="addEmployeespim" data-provider="createEmployee" finished-at="2026-03-26T10:01:45 IST" duration-ms="12821" status="PASS">
          <params>
            <param index="0">
              <value>
                <![CDATA[Priya]]>
              </value>
            </param>
            <param index="1">
              <value>
                <![CDATA[Devi]]>
              </value>
            </param>
            <param index="2">
              <value>
                <![CDATA[Iyer]]>
              </value>
            </param>
            <param index="3">
              <value>
                <![CDATA[EMP002]]>
              </value>
            </param>
            <param index="4">
              <value>
                <![CDATA[priya.i]]>
              </value>
            </param>
            <param index="5">
              <value>
                <![CDATA[Priya@123]]>
              </value>
            </param>
            <param index="6">
              <value>
                <![CDATA[Priya@123]]>
              </value>
            </param>
          </params>
          <reporter-output>
          </reporter-output>
        </test-method> <!-- addEmployeespim -->
        <test-method signature="addEmployeespim(java.lang.String,java.lang.String,java.lang.String,java.lang.String,java.lang.String,java.lang.String,java.lang.String)[pri:0, instance:pim.module.PimTest@2fba3fc4]" started-at="2026-03-26T10:01:45 IST" name="addEmployeespim" data-provider="createEmployee" finished-at="2026-03-26T10:01:57 IST" duration-ms="12122" status="PASS">
          <params>
            <param index="0">
              <value>
                <![CDATA[Arjun]]>
              </value>
            </param>
            <param index="1">
              <value>
                <![CDATA[Raj]]>
              </value>
            </param>
            <param index="2">
              <value>
                <![CDATA[Verma]]>
              </value>
            </param>
            <param index="3">
              <value>
                <![CDATA[EMP003]]>
              </value>
            </param>
            <param index="4">
              <value>
                <![CDATA[arjun.v]]>
              </value>
            </param>
            <param index="5">
              <value>
                <![CDATA[Arjun@123]]>
              </value>
            </param>
            <param index="6">
              <value>
                <![CDATA[Arjun@123]]>
              </value>
            </param>
          </params>
          <reporter-output>
          </reporter-output>
        </test-method> <!-- addEmployeespim -->
        <test-method signature="addEmployeespim(java.lang.String,java.lang.String,java.lang.String,java.lang.String,java.lang.String,java.lang.String,java.lang.String)[pri:0, instance:pim.module.PimTest@2fba3fc4]" started-at="2026-03-26T10:01:57 IST" name="addEmployeespim" data-provider="createEmployee" finished-at="2026-03-26T10:02:13 IST" duration-ms="15940" status="PASS">
          <params>
            <param index="0">
              <value>
                <![CDATA[Sneha]]>
              </value>
            </param>
            <param index="1">
              <value>
                <![CDATA[Lakshmi]]>
              </value>
            </param>
            <param index="2">
              <value>
                <![CDATA[Reddy]]>
              </value>
            </param>
            <param index="3">
              <value>
                <![CDATA[EMP004]]>
              </value>
            </param>
            <param index="4">
              <value>
                <![CDATA[sneha.r]]>
              </value>
            </param>
            <param index="5">
              <value>
                <![CDATA[Sneha@123]]>
              </value>
            </param>
            <param index="6">
              <value>
                <![CDATA[Sneha@123]]>
              </value>
            </param>
          </params>
          <reporter-output>
          </reporter-output>
        </test-method> <!-- addEmployeespim -->
        <test-method signature="addEmployeespim(java.lang.String,java.lang.String,java.lang.String,java.lang.String,java.lang.String,java.lang.String,java.lang.String)[pri:0, instance:pim.module.PimTest@2fba3fc4]" started-at="2026-03-26T10:02:13 IST" name="addEmployeespim" data-provider="createEmployee" finished-at="2026-03-26T10:02:26 IST" duration-ms="12238" status="PASS">
          <params>
            <param index="0">
              <value>
                <![CDATA[Karthik]]>
              </value>
            </param>
            <param index="1">
              <value>
                <![CDATA[Subramani]]>
              </value>
            </param>
            <param index="2">
              <value>
                <![CDATA[Nair]]>
              </value>
            </param>
            <param index="3">
              <value>
                <![CDATA[EMP005]]>
              </value>
            </param>
            <param index="4">
              <value>
                <![CDATA[karthik.n]]>
              </value>
            </param>
            <param index="5">
              <value>
                <![CDATA[Karthik@123]]>
              </value>
            </param>
            <param index="6">
              <value>
                <![CDATA[Karthik@123]]>
              </value>
            </param>
          </params>
          <reporter-output>
          </reporter-output>
        </test-method> <!-- addEmployeespim -->
        <test-method is-config="true" signature="afterClass()[pri:0, instance:pim.module.PimTest@2fba3fc4]" started-at="2026-03-26T10:02:26 IST" name="afterClass" finished-at="2026-03-26T10:02:27 IST" duration-ms="1832" status="PASS">
          <reporter-output>
          </reporter-output>
        </test-method> <!-- afterClass -->
      </class> <!-- pim.module.PimTest -->
    </test> <!-- smoke -->
  </suite> <!-- Suite -->
</testng-results>
