<?xml version="1.0" encoding="UTF-8"?>
<!-- Generated by org.testng.reporters.JUnitReportReporter -->
<testsuite hostname="ATHIKESHAN" failures="0" tests="3" name="SeleniumTestNG.Demo_method_calling" time="0.019" errors="0" timestamp="2026-03-12T08:52:27 IST" skipped="0">
  <testcase classname="SeleniumTestNG.Demo_method_calling" name="logout" time="0.003"/>
  <testcase classname="SeleniumTestNG.Demo_method_calling" name="login" time="0.012"/>
  <testcase classname="SeleniumTestNG.Demo_method_calling" name="addEmployee" time="0.004"/>
  <system-out>
    <![CDATA[Executing BeforeSuit
Executing Beforetest
Executing Beforeclass
Executing Beformethod
Executing Aftermethod
Executing Beformethod
Executing Aftermethod
Executing Beformethod
Executing Aftermethod
Executing Aftertest
Executing Aftertest
Executing AfterSuit]]>
  </system-out>
</testsuite> <!-- SeleniumTestNG.Demo_method_calling -->
