<?xml version="1.0" encoding="UTF-8"?>
<!-- Generated by org.testng.reporters.JUnitReportReporter -->
<testsuite hostname="ATHIKESHAN" failures="0" tests="1" name="SeleniumTestNG.AddToCardTestNG" time="0.316" errors="0" timestamp="2026-03-11T14:08:27 IST" skipped="0">
  <testcase classname="SeleniumTestNG.AddToCardTestNG" name="addToCartTest" time="0.316">
    <system-out>
      <![CDATA[both are added]]>
    </system-out>
  </testcase> <!-- addToCartTest -->
  <system-out>
    <![CDATA[Executing BeforeSuit
Executing Beforetest
Executing Beforeclass
Login successfull
Executing Beformethod
both are added
Executing Aftermethod
Executing afterclass
Executing Aftertest
Executing AfterSuit]]>
  </system-out>
</testsuite> <!-- SeleniumTestNG.AddToCardTestNG -->
