<?xml version="1.0" encoding="UTF-8"?>
<testng-results ignored="0" total="1" passed="1" failed="0" skipped="0">
  <reporter-output>
  </reporter-output>
  <suite started-at="2026-03-14T14:59:34 IST" name="Default suite" finished-at="2026-03-14T14:59:38 IST" duration-ms="3832">
    <groups>
    </groups>
    <test started-at="2026-03-14T14:59:34 IST" name="Default test" finished-at="2026-03-14T14:59:38 IST" duration-ms="3832">
      <class name="pom.LoginAndLogoutPageFactoryTest">
        <test-method is-config="true" signature="beforeclass()[pri:0, instance:pom.LoginAndLogoutPageFactoryTest@815b41f]" started-at="2026-03-14T14:59:34 IST" name="beforeclass" finished-at="2026-03-14T14:59:36 IST" duration-ms="1592" status="PASS">
          <reporter-output>
          </reporter-output>
        </test-method> <!-- beforeclass -->
        <test-method signature="logouttest()[pri:0, instance:pom.LoginAndLogoutPageFactoryTest@815b41f]" started-at="2026-03-14T14:59:36 IST" name="logouttest" finished-at="2026-03-14T14:59:38 IST" duration-ms="2186" status="PASS">
          <reporter-output>
          </reporter-output>
        </test-method> <!-- logouttest -->
      </class> <!-- pom.LoginAndLogoutPageFactoryTest -->
    </test> <!-- Default test -->
  </suite> <!-- Default suite -->
</testng-results>
