<?xml version="1.0" encoding="UTF-8"?>
<!-- Generated by org.testng.reporters.JUnitReportReporter -->
<testsuite hostname="ATHIKESHAN" failures="0" tests="4" name="recruitment.module.AddRecruitmentEmployee" time="91.595" errors="0" timestamp="2026-03-13T08:10:30 IST" skipped="0">
  <testcase classname="recruitment.module.AddRecruitmentEmployee" name="launchbrowser" time="2.108"/>
  <testcase classname="recruitment.module.AddRecruitmentEmployee" name="addRecruitment" time="61.339"/>
  <testcase classname="recruitment.module.AddRecruitmentEmployee" name="login" time="26.166"/>
  <testcase classname="recruitment.module.AddRecruitmentEmployee" name="logout" time="1.982"/>
</testsuite> <!-- recruitment.module.AddRecruitmentEmployee -->
