<?xml version="1.0" encoding="UTF-8"?>
<!-- Generated by org.testng.reporters.JUnitReportReporter -->
<testsuite hostname="ATHIKESHAN" failures="0" tests="3" name="Invocation_Count" time="7.311" errors="0" timestamp="2026-03-14T09:43:45 IST" skipped="0">
  <testcase classname="Invocation_Count" name="launchBrowser" time="2.164"/>
  <testcase classname="Invocation_Count" name="launchBrowser" time="3.340"/>
  <testcase classname="Invocation_Count" name="launchBrowser" time="1.807"/>
</testsuite> <!-- Invocation_Count -->
