<?xml version="1.0" encoding="UTF-8"?>
<testng-results ignored="0" total="1" passed="1" failed="0" skipped="0">
  <reporter-output>
  </reporter-output>
  <suite started-at="2026-03-20T11:45:51 IST" name="Default suite" finished-at="2026-03-20T11:45:59 IST" duration-ms="7986">
    <groups>
    </groups>
    <test started-at="2026-03-20T11:45:51 IST" name="Default test" finished-at="2026-03-20T11:45:59 IST" duration-ms="7986">
      <class name="seleniumgridDemo.demo">
        <test-method signature="demolaunch()[pri:0, instance:seleniumgridDemo.demo@bcec361]" started-at="2026-03-20T11:45:51 IST" name="demolaunch" finished-at="2026-03-20T11:45:59 IST" duration-ms="7921" status="PASS">
          <reporter-output>
          </reporter-output>
        </test-method> <!-- demolaunch -->
      </class> <!-- seleniumgridDemo.demo -->
    </test> <!-- Default test -->
  </suite> <!-- Default suite -->
</testng-results>
