<?xml version="1.0" encoding="UTF-8"?>
<!-- Generated by org.testng.reporters.JUnitXMLReporter -->
<testsuite ignored="0" hostname="athikeshan" failures="1" tests="6" name="smoke" time="89.0" errors="0" timestamp="2026-03-26T10:02:27 IST">
  <testcase classname="pim.module.PimTest" name="addEmployeespim" time="22.696"/>
  <testcase classname="pim.module.PimTest" name="addEmployeespim" time="12.821"/>
  <testcase classname="pim.module.PimTest" name="addEmployeespim" time="12.122"/>
  <testcase classname="pim.module.AddTerminationReasonsAndVerifyTest" name="testMethod" time="53.053">
    <failure type="java.lang.AssertionError" message="The following asserts failed:
	termination reason not added expected [true] but found [false]">
      <![CDATA[java.lang.AssertionError: The following asserts failed:
termination reason not added expected [true] but found [false]
at pim.module.AddTerminationReasonsAndVerifyTest.testMethod(AddTerminationReasonsAndVerifyTest.java:48)
at java.base/java.util.concurrent.Executors$RunnableAdapter.call(Executors.java:572)
at java.base/java.util.concurrent.FutureTask.run(FutureTask.java:317)
at java.base/java.util.concurrent.ThreadPoolExecutor.runWorker(ThreadPoolExecutor.java:1144)
at java.base/java.util.concurrent.ThreadPoolExecutor$Worker.run(ThreadPoolExecutor.java:642)
at java.base/java.lang.Thread.run(Thread.java:1575)
... Removed 13 stack frames]]>
    </failure>
  </testcase> <!-- testMethod -->
  <testcase classname="pim.module.PimTest" name="addEmployeespim" time="15.94"/>
  <testcase classname="pim.module.PimTest" name="addEmployeespim" time="12.238"/>
</testsuite> <!-- smoke -->
